#
# Copyright (c) 2009 Nokia Corporation and/or its subsidiary(-ies).
# All rights reserved.
# This component and the accompanying materials are made available
# under the terms of "Eclipse Public License v1.0"
# which accompanies this distribution, and is available
# at the URL "http://www.eclipse.org/legal/epl-v10.html".
#
# Initial Contributors:
# Nokia Corporation - initial contribution.
#
# Contributors:
#
# Description: 
#

component	syslibs_bafl
source	\sf\os\ossrv\lowlevellibsandfws\apputils
binary	\sf\os\ossrv\lowlevellibsandfws\apputils\group	all
exports	\sf\os\ossrv\lowlevellibsandfws\apputils\group

notes_source	\component_defs\release.src


ipr D
ipr T \sf\os\ossrv\lowlevellibsandfws\apputils\bsul\test
ipr T \sf\os\ossrv\lowlevellibsandfws\apputils\Documentation
ipr T \sf\os\ossrv\lowlevellibsandfws\apputils\engineering
ipr D \sf\os\ossrv\lowlevellibsandfws\apputils\engineering\stringpool\example
ipr T \sf\os\ossrv\lowlevellibsandfws\apputils\initLocale\test
ipr T \sf\os\ossrv\lowlevellibsandfws\apputils\test
ipr T \sf\os\ossrv\lowlevellibsandfws\apputils\multipartparser\test
ipr T \sf\os\ossrv\lowlevellibsandfws\apputils\tsrc
