#
# Copyright (c) 2009 Nokia Corporation and/or its subsidiary(-ies).
# All rights reserved.
# This component and the accompanying materials are made available
# under the terms of "Eclipse Public License v1.0"
# which accompanies this distribution, and is available
# at the URL "http://www.eclipse.org/legal/epl-v10.html".
#
# Initial Contributors:
# Nokia Corporation - initial contribution.
#
# Contributors:
#
# Description: 
#

component openenv
source \sf\os\ossrv\genericopenlibs\openenvcore

binary \sf\os\ossrv\genericopenlibs\openenvcore\group all
exports \sf\os\ossrv\genericopenlibs\openenvcore\group

notes_source \component_defs\release.src

ipr D
ipr T \sf\os\ossrv\genericopenlibs\openenvcore\backend\src\stdioredir\server
ipr T \sf\os\ossrv\genericopenlibs\openenvcore\backend\test
ipr T \sf\os\ossrv\genericopenlibs\openenvcore\libc\test
ipr T \sf\os\ossrv\genericopenlibs\openenvcore\libdl\test
ipr T \sf\os\ossrv\genericopenlibs\openenvcore\liblogger
ipr T \sf\os\ossrv\genericopenlibs\openenvcore\libm\test
ipr T \sf\os\ossrv\genericopenlibs\openenvcore\libpthread\test
ipr T \sf\os\ossrv\genericopenlibs\openenvcore\test
