#
# Copyright (c) 2009 Nokia Corporation and/or its subsidiary(-ies).
# All rights reserved.
# This component and the accompanying materials are made available
# under the terms of "Eclipse Public License v1.0"
# which accompanies this distribution, and is available
# at the URL "http://www.eclipse.org/legal/epl-v10.html".
#
# Initial Contributors:
# Nokia Corporation - initial contribution.
#
# Contributors:
#
# Description: 
#

component	application-protocols_inetprotutil
source	\sf\os\ossrv\genericservices\httputils
binary	\sf\os\ossrv\genericservices\httputils\group	all
exports	\sf\os\ossrv\genericservices\httputils\group
-export_file	"\sf\os\ossrv\genericservices\httputils\Documents\CUri Usage Guide.doc"	\epoc32\EngDoc\application-protocols\CUri_Usage_Guide.doc
notes_source	\component_defs\release.src


ipr E 
ipr T \sf\os\ossrv\genericservices\httputils\Test

