#
# Copyright (c) 2009 Nokia Corporation and/or its subsidiary(-ies).
# All rights reserved.
# This component and the accompanying materials are made available
# under the terms of "Eclipse Public License v1.0"
# which accompanies this distribution, and is available
# at the URL "http://www.eclipse.org/legal/epl-v10.html".
#
# Initial Contributors:
# Nokia Corporation - initial contribution.
#
# Contributors:
#
# Description: 
#

component	syslibs_euserhl
source	\sf\os\ossrv\lowlevellibsandfws\genericusabilitylib

binary	\sf\os\ossrv\lowlevellibsandfws\genericusabilitylib\group	all
exports	\sf\os\ossrv\lowlevellibsandfws\genericusabilitylib\group

notes_source	\component_defs\release.src

ipr D
ipr T \sf\os\ossrv\lowlevellibsandfws\genericusabilitylib\documentation
ipr T \sf\os\ossrv\lowlevellibsandfws\genericusabilitylib\engineering
ipr T \sf\os\ossrv\lowlevellibsandfws\genericusabilitylib\example
ipr T \sf\os\ossrv\lowlevellibsandfws\genericusabilitylib\test
